<?xml version="1.0" encoding="UTF-8" ?>
<testsuite failures="0" time="19.202" errors="0" skipped="0" tests="3" name="camelinaction.RouteScopeTest">
  <properties>
    <property name="java.runtime.name" value="Java(TM) SE Runtime Environment"/>
    <property name="sun.boot.library.path" value="/opt/glassfish3/jdk7/jre/lib/amd64"/>
    <property name="java.vm.version" value="23.3-b01"/>
    <property name="java.vm.vendor" value="Oracle Corporation"/>
    <property name="java.vendor.url" value="http://java.oracle.com/"/>
    <property name="path.separator" value=":"/>
    <property name="java.vm.name" value="Java HotSpot(TM) 64-Bit Server VM"/>
    <property name="file.encoding.pkg" value="sun.io"/>
    <property name="user.country" value="US"/>
    <property name="sun.java.launcher" value="SUN_STANDARD"/>
    <property name="sun.os.patch.level" value="unknown"/>
    <property name="org.apache.camel.jmx.disabled" value="true"/>
    <property name="java.vm.specification.name" value="Java Virtual Machine Specification"/>
    <property name="user.dir" value="/home/cjeong/ztmp/code/camel/camelinaction-source/chapter5/errorhandler"/>
    <property name="java.runtime.version" value="1.7.0_07-b10"/>
    <property name="java.awt.graphicsenv" value="sun.awt.X11GraphicsEnvironment"/>
    <property name="basedir" value="/home/cjeong/ztmp/code/camel/camelinaction-source/chapter5/errorhandler"/>
    <property name="java.endorsed.dirs" value="/opt/glassfish3/jdk7/jre/lib/endorsed"/>
    <property name="os.arch" value="amd64"/>
    <property name="surefire.real.class.path" value="/tmp/surefirebooter1028827389580482919.jar"/>
    <property name="java.io.tmpdir" value="/tmp"/>
    <property name="line.separator" value="
"/>
    <property name="java.vm.specification.vendor" value="Oracle Corporation"/>
    <property name="os.name" value="Linux"/>
    <property name="sun.jnu.encoding" value="UTF-8"/>
    <property name="java.library.path" value="/usr/local/cuda/lib64:/usr/local/cuda/lib:/home/cjeong/lib:/usr/local/lib::/usr/java/packages/lib/amd64:/usr/lib64:/lib64:/lib:/usr/lib"/>
    <property name="surefire.test.class.path" value="/home/cjeong/ztmp/code/camel/camelinaction-source/chapter5/errorhandler/target/test-classes:/home/cjeong/ztmp/code/camel/camelinaction-source/chapter5/errorhandler/target/classes:/home/cjeong/.m2/repository/org/apache/camel/camel-core/2.10.3/camel-core-2.10.3.jar:/home/cjeong/.m2/repository/org/slf4j/slf4j-api/1.6.6/slf4j-api-1.6.6.jar:/home/cjeong/.m2/repository/com/sun/xml/bind/jaxb-impl/2.2.5/jaxb-impl-2.2.5.jar:/home/cjeong/.m2/repository/org/apache/camel/camel-spring/2.10.3/camel-spring-2.10.3.jar:/home/cjeong/.m2/repository/org/springframework/spring-context/3.0.7.RELEASE/spring-context-3.0.7.RELEASE.jar:/home/cjeong/.m2/repository/org/springframework/spring-beans/3.0.7.RELEASE/spring-beans-3.0.7.RELEASE.jar:/home/cjeong/.m2/repository/org/springframework/spring-core/3.0.7.RELEASE/spring-core-3.0.7.RELEASE.jar:/home/cjeong/.m2/repository/commons-logging/commons-logging/1.1.1/commons-logging-1.1.1.jar:/home/cjeong/.m2/repository/org/springframework/spring-expression/3.0.7.RELEASE/spring-expression-3.0.7.RELEASE.jar:/home/cjeong/.m2/repository/org/springframework/spring-asm/3.0.7.RELEASE/spring-asm-3.0.7.RELEASE.jar:/home/cjeong/.m2/repository/org/springframework/spring-aop/3.0.7.RELEASE/spring-aop-3.0.7.RELEASE.jar:/home/cjeong/.m2/repository/aopalliance/aopalliance/1.0/aopalliance-1.0.jar:/home/cjeong/.m2/repository/org/springframework/spring-tx/3.0.7.RELEASE/spring-tx-3.0.7.RELEASE.jar:/home/cjeong/.m2/repository/org/apache/camel/camel-test-spring/2.10.3/camel-test-spring-2.10.3.jar:/home/cjeong/.m2/repository/org/apache/camel/camel-test/2.10.3/camel-test-2.10.3.jar:/home/cjeong/.m2/repository/org/springframework/spring-test/3.1.2.RELEASE/spring-test-3.1.2.RELEASE.jar:/home/cjeong/.m2/repository/log4j/log4j/1.2.16/log4j-1.2.16.jar:/home/cjeong/.m2/repository/org/slf4j/slf4j-log4j12/1.6.6/slf4j-log4j12-1.6.6.jar:/home/cjeong/.m2/repository/junit/junit/4.10/junit-4.10.jar:/home/cjeong/.m2/repository/org/hamcrest/hamcrest-core/1.1/hamcrest-core-1.1.jar:"/>
    <property name="java.specification.name" value="Java Platform API Specification"/>
    <property name="java.class.version" value="51.0"/>
    <property name="sun.management.compiler" value="HotSpot 64-Bit Tiered Compilers"/>
    <property name="os.version" value="3.2.0-35-generic"/>
    <property name="user.home" value="/home/cjeong"/>
    <property name="user.timezone" value="America/Los_Angeles"/>
    <property name="java.awt.printerjob" value="sun.print.PSPrinterJob"/>
    <property name="java.specification.version" value="1.7"/>
    <property name="file.encoding" value="UTF-8"/>
    <property name="user.name" value="cjeong"/>
    <property name="java.class.path" value="/home/cjeong/ztmp/code/camel/camelinaction-source/chapter5/errorhandler/target/test-classes:/home/cjeong/ztmp/code/camel/camelinaction-source/chapter5/errorhandler/target/classes:/home/cjeong/.m2/repository/org/apache/camel/camel-core/2.10.3/camel-core-2.10.3.jar:/home/cjeong/.m2/repository/org/slf4j/slf4j-api/1.6.6/slf4j-api-1.6.6.jar:/home/cjeong/.m2/repository/com/sun/xml/bind/jaxb-impl/2.2.5/jaxb-impl-2.2.5.jar:/home/cjeong/.m2/repository/org/apache/camel/camel-spring/2.10.3/camel-spring-2.10.3.jar:/home/cjeong/.m2/repository/org/springframework/spring-context/3.0.7.RELEASE/spring-context-3.0.7.RELEASE.jar:/home/cjeong/.m2/repository/org/springframework/spring-beans/3.0.7.RELEASE/spring-beans-3.0.7.RELEASE.jar:/home/cjeong/.m2/repository/org/springframework/spring-core/3.0.7.RELEASE/spring-core-3.0.7.RELEASE.jar:/home/cjeong/.m2/repository/commons-logging/commons-logging/1.1.1/commons-logging-1.1.1.jar:/home/cjeong/.m2/repository/org/springframework/spring-expression/3.0.7.RELEASE/spring-expression-3.0.7.RELEASE.jar:/home/cjeong/.m2/repository/org/springframework/spring-asm/3.0.7.RELEASE/spring-asm-3.0.7.RELEASE.jar:/home/cjeong/.m2/repository/org/springframework/spring-aop/3.0.7.RELEASE/spring-aop-3.0.7.RELEASE.jar:/home/cjeong/.m2/repository/aopalliance/aopalliance/1.0/aopalliance-1.0.jar:/home/cjeong/.m2/repository/org/springframework/spring-tx/3.0.7.RELEASE/spring-tx-3.0.7.RELEASE.jar:/home/cjeong/.m2/repository/org/apache/camel/camel-test-spring/2.10.3/camel-test-spring-2.10.3.jar:/home/cjeong/.m2/repository/org/apache/camel/camel-test/2.10.3/camel-test-2.10.3.jar:/home/cjeong/.m2/repository/org/springframework/spring-test/3.1.2.RELEASE/spring-test-3.1.2.RELEASE.jar:/home/cjeong/.m2/repository/log4j/log4j/1.2.16/log4j-1.2.16.jar:/home/cjeong/.m2/repository/org/slf4j/slf4j-log4j12/1.6.6/slf4j-log4j12-1.6.6.jar:/home/cjeong/.m2/repository/junit/junit/4.10/junit-4.10.jar:/home/cjeong/.m2/repository/org/hamcrest/hamcrest-core/1.1/hamcrest-core-1.1.jar:"/>
    <property name="java.vm.specification.version" value="1.7"/>
    <property name="sun.arch.data.model" value="64"/>
    <property name="java.home" value="/opt/glassfish3/jdk7/jre"/>
    <property name="sun.java.command" value="/tmp/surefirebooter1028827389580482919.jar /tmp/surefire5676152758503142869tmp /tmp/surefire3697385872800466855tmp"/>
    <property name="java.specification.vendor" value="Oracle Corporation"/>
    <property name="user.language" value="en"/>
    <property name="awt.toolkit" value="sun.awt.X11.XToolkit"/>
    <property name="java.vm.info" value="mixed mode"/>
    <property name="java.version" value="1.7.0_07"/>
    <property name="java.ext.dirs" value="/opt/glassfish3/jdk7/jre/lib/ext:/usr/java/packages/lib/ext"/>
    <property name="sun.boot.class.path" value="/opt/glassfish3/jdk7/jre/lib/resources.jar:/opt/glassfish3/jdk7/jre/lib/rt.jar:/opt/glassfish3/jdk7/jre/lib/sunrsasign.jar:/opt/glassfish3/jdk7/jre/lib/jsse.jar:/opt/glassfish3/jdk7/jre/lib/jce.jar:/opt/glassfish3/jdk7/jre/lib/charsets.jar:/opt/glassfish3/jdk7/jre/lib/jfr.jar:/opt/glassfish3/jdk7/jre/classes"/>
    <property name="java.vendor" value="Oracle Corporation"/>
    <property name="localRepository" value="/home/cjeong/.m2/repository"/>
    <property name="file.separator" value="/"/>
    <property name="java.vendor.url.bug" value="http://bugreport.sun.com/bugreport/"/>
    <property name="sun.cpu.endian" value="little"/>
    <property name="sun.io.unicode.encoding" value="UnicodeLittle"/>
    <property name="sun.desktop" value="gnome"/>
    <property name="sun.cpu.isalist" value=""/>
  </properties>
  <testcase time="2.215" classname="camelinaction.RouteScopeTest" name="testOrderOk"/>
  <testcase time="10.92" classname="camelinaction.RouteScopeTest" name="testOrderActiveMQ"/>
  <testcase time="6.061" classname="camelinaction.RouteScopeTest" name="testXmlOrderFail"/>
</testsuite>